0 info it worked if it ends with ok
1 verbose cli [ 'C:\\Program Files\\node-v6.11.5-win-x64\\node.exe',
1 verbose cli   'C:\\Program Files\\node-v6.11.5-win-x64\\node_modules\\npm\\bin\\npm-cli.js',
1 verbose cli   'run',
1 verbose cli   'server' ]
2 info using npm@3.10.10
3 info using node@v6.11.5
4 verbose run-script [ 'preserver', 'server', 'postserver' ]
5 info lifecycle test_router@0.1.0~preserver: test_router@0.1.0
6 silly lifecycle test_router@0.1.0~preserver: no script for preserver, continuing
7 info lifecycle test_router@0.1.0~server: test_router@0.1.0
8 verbose lifecycle test_router@0.1.0~server: unsafe-perm in lifecycle true
9 verbose lifecycle test_router@0.1.0~server: PATH: C:\Program Files\node-v6.11.5-win-x64\node_modules\npm\bin\node-gyp-bin;C:\D\react2\A_dz\test_router\node_modules\.bin;C:\ProgramData\Oracle\Java\javapath;C:\ProgramData\Oracle\Java\javapath;C:\ProgramData\Oracle\Java\javapath;C:\Windows\System32;C:\D\Dis\webDriver;C:\Program Files\node-v6.11.5-win-x64;C:\D\Dis\webDriver;C:\Program Files\node-v6.11.5-win-x64;C:\D\Dis\webDriver;C:\Program Files\node-v6.11.5-win-x64;C:\ProgramData\Oracle\Java\javapath;C:\ProgramData\Oracle\Java\javapath;C:\ProgramData\Oracle\Java\javapath;C:\Windows\System32;C:\D\Dis\webDriver;C:\Program Files\node-v6.11.5-win-x64;C:\D\Dis\webDriver;C:\Program Files\node-v6.11.5-win-x64;C:\D\Dis\webDriver;C:\Program Files\node-v6.11.5-win-x64;C:\D\Dis\webDriver;C:\Program Files\node-v6.11.5-win-x64;C:\Program Files\Git\bin
10 verbose lifecycle test_router@0.1.0~server: CWD: C:\D\react2\A_dz\test_router
11 silly lifecycle test_router@0.1.0~server: Args: [ '/d /s /c', 'webpack-dev-server' ]
12 verbose stack Error: kill ENOSYS
12 verbose stack     at Object.exports._errnoException (util.js:1020:11)
12 verbose stack     at process.kill (internal/process.js:191:18)
12 verbose stack     at process.listener (C:\Program Files\node-v6.11.5-win-x64\node_modules\npm\node_modules\npmlog\node_modules\gauge\node_modules\signal-exit\index.js:86:15)
12 verbose stack     at emitNone (events.js:91:20)
12 verbose stack     at process.emit (events.js:185:7)
12 verbose stack     at processEmit (C:\Program Files\node-v6.11.5-win-x64\node_modules\npm\node_modules\npmlog\node_modules\gauge\node_modules\signal-exit\index.js:146:32)
12 verbose stack     at processEmit (C:\Program Files\node-v6.11.5-win-x64\node_modules\npm\node_modules\npm-registry-client\node_modules\npmlog\node_modules\gauge\node_modules\signal-exit\index.js:146:32)
12 verbose stack     at Signal.wrap.onsignal (internal/process.js:217:44)
13 verbose cwd C:\D\react2\A_dz\test_router
14 error Windows_NT 10.0.14393
15 error argv "C:\\Program Files\\node-v6.11.5-win-x64\\node.exe" "C:\\Program Files\\node-v6.11.5-win-x64\\node_modules\\npm\\bin\\npm-cli.js" "run" "server"
16 error node v6.11.5
17 error npm  v3.10.10
18 error code ENOSYS
19 error errno ENOSYS
20 error syscall kill
21 error kill ENOSYS
22 error If you need help, you may report this error at:
22 error     <https://github.com/npm/npm/issues>
23 verbose exit [ 1, true ]
